# JRE version: OpenJDK Runtime Environment (8.0_112-b06) (build 1.8.0_112-release-b06)
# Java VM: OpenJDK 64-Bit Server VM (25.112-b06 mixed mode windows-amd64 compressed oops)
Heap:
 PSYoungGen      total 304640K, used 17967K [0x00000000e0000000, 0x00000000fcb80000, 0x0000000100000000)
  eden space 275968K, 0% used [0x00000000e0000000,0x00000000e0000000,0x00000000f0d80000)
  from space 28672K, 62% used [0x00000000f0d80000,0x00000000f1f0bf20,0x00000000f2980000)
  to   space 28672K, 0% used [0x00000000faf80000,0x00000000faf80000,0x00000000fcb80000)
 ParOldGen       total 93184K, used 35619K [0x00000000a0000000, 0x00000000a5b00000, 0x00000000e0000000)
  object space 93184K, 38% used [0x00000000a0000000,0x00000000a22c8ef0,0x00000000a5b00000)
 Metaspace       used 56725K, capacity 58948K, committed 59028K, reserved 1099776K
  class space    used 7592K, capacity 8091K, committed 8124K, reserved 1048576K
GC Heap History (10 events):
Event: 21.086 GC heap after
Heap after GC invocations=7 (full 2):
 PSYoungGen      total 138240K, used 0K [0x00000000e0000000, 0x00000000ebc80000, 0x0000000100000000)
  eden space 133120K, 0% used [0x00000000e0000000,0x00000000e0000000,0x00000000e8200000)
  from space 5120K, 0% used [0x00000000e8200000,0x00000000e8200000,0x00000000e8700000)
  to   space 15360K, 0% used [0x00000000ead80000,0x00000000ead80000,0x00000000ebc80000)
 ParOldGen       total 93184K, used 19003K [0x00000000a0000000, 0x00000000a5b00000, 0x00000000e0000000)
  object space 93184K, 20% used [0x00000000a0000000,0x00000000a128eda0,0x00000000a5b00000)
 Metaspace       used 34721K, capacity 35370K, committed 35416K, reserved 1079296K
  class space    used 4554K, capacity 4724K, committed 4736K, reserved 1048576K
}
Event: 22.937 GC heap before
{Heap before GC invocations=8 (full 2):
 PSYoungGen      total 138240K, used 133120K [0x00000000e0000000, 0x00000000ebc80000, 0x0000000100000000)
  eden space 133120K, 100% used [0x00000000e0000000,0x00000000e8200000,0x00000000e8200000)
  from space 5120K, 0% used [0x00000000e8200000,0x00000000e8200000,0x00000000e8700000)
  to   space 15360K, 0% used [0x00000000ead80000,0x00000000ead80000,0x00000000ebc80000)
 ParOldGen       total 93184K, used 19003K [0x00000000a0000000, 0x00000000a5b00000, 0x00000000e0000000)
  object space 93184K, 20% used [0x00000000a0000000,0x00000000a128eda0,0x00000000a5b00000)
 Metaspace       used 46084K, capacity 47058K, committed 47320K, reserved 1089536K
  class space    used 6065K, capacity 6329K, committed 6400K, reserved 1048576K
Event: 23.672 GC heap after
Heap after GC invocations=8 (full 2):
 PSYoungGen      total 175616K, used 14183K [0x00000000e0000000, 0x00000000f0d00000, 0x0000000100000000)
  eden space 160256K, 0% used [0x00000000e0000000,0x00000000e0000000,0x00000000e9c80000)
  from space 15360K, 92% used [0x00000000ead80000,0x00000000ebb59d80,0x00000000ebc80000)
  to   space 17408K, 0% used [0x00000000e9c80000,0x00000000e9c80000,0x00000000ead80000)
 ParOldGen       total 93184K, used 19011K [0x00000000a0000000, 0x00000000a5b00000, 0x00000000e0000000)
  object space 93184K, 20% used [0x00000000a0000000,0x00000000a1290da0,0x00000000a5b00000)
 Metaspace       used 46084K, capacity 47058K, committed 47320K, reserved 1089536K
  class space    used 6065K, capacity 6329K, committed 6400K, reserved 1048576K
}
Event: 27.238 GC heap before
{Heap before GC invocations=9 (full 2):
 PSYoungGen      total 175616K, used 174439K [0x00000000e0000000, 0x00000000f0d00000, 0x0000000100000000)
  eden space 160256K, 100% used [0x00000000e0000000,0x00000000e9c80000,0x00000000e9c80000)
  from space 15360K, 92% used [0x00000000ead80000,0x00000000ebb59d80,0x00000000ebc80000)
  to   space 17408K, 0% used [0x00000000e9c80000,0x00000000e9c80000,0x00000000ead80000)
 ParOldGen       total 93184K, used 19011K [0x00000000a0000000, 0x00000000a5b00000, 0x00000000e0000000)
  object space 93184K, 20% used [0x00000000a0000000,0x00000000a1290da0,0x00000000a5b00000)
 Metaspace       used 50061K, capacity 51348K, committed 51416K, reserved 1093632K
  class space    used 6607K, capacity 6904K, committed 6912K, reserved 1048576K
Event: 27.306 GC heap after
Heap after GC invocations=9 (full 2):
 PSYoungGen      total 177664K, used 17398K [0x00000000e0000000, 0x00000000f3e00000, 0x0000000100000000)
  eden space 160256K, 0% used [0x00000000e0000000,0x00000000e0000000,0x00000000e9c80000)
  from space 17408K, 99% used [0x00000000e9c80000,0x00000000ead7db18,0x00000000ead80000)
  to   space 20992K, 0% used [0x00000000f2980000,0x00000000f2980000,0x00000000f3e00000)
 ParOldGen       total 93184K, used 20373K [0x00000000a0000000, 0x00000000a5b00000, 0x00000000e0000000)
  object space 93184K, 21% used [0x00000000a0000000,0x00000000a13e5620,0x00000000a5b00000)
 Metaspace       used 50061K, capacity 51348K, committed 51416K, reserved 1093632K
  class space    used 6607K, capacity 6904K, committed 6912K, reserved 1048576K
}
Event: 30.701 GC heap before
{Heap before GC invocations=10 (full 2):
 PSYoungGen      total 177664K, used 177654K [0x00000000e0000000, 0x00000000f3e00000, 0x0000000100000000)
  eden space 160256K, 100% used [0x00000000e0000000,0x00000000e9c80000,0x00000000e9c80000)
  from space 17408K, 99% used [0x00000000e9c80000,0x00000000ead7db18,0x00000000ead80000)
  to   space 20992K, 0% used [0x00000000f2980000,0x00000000f2980000,0x00000000f3e00000)
 ParOldGen       total 93184K, used 20373K [0x00000000a0000000, 0x00000000a5b00000, 0x00000000e0000000)
  object space 93184K, 21% used [0x00000000a0000000,0x00000000a13e5620,0x00000000a5b00000)
 Metaspace       used 54950K, capacity 56940K, committed 57048K, reserved 1097728K
  class space    used 7427K, capacity 7889K, committed 7936K, reserved 1048576K
Event: 31.392 GC heap after
Heap after GC invocations=10 (full 2):
 PSYoungGen      total 296960K, used 20962K [0x00000000e0000000, 0x00000000f5380000, 0x0000000100000000)
  eden space 275968K, 0% used [0x00000000e0000000,0x00000000e0000000,0x00000000f0d80000)
  from space 20992K, 99% used [0x00000000f2980000,0x00000000f3df88d0,0x00000000f3e00000)
  to   space 28672K, 0% used [0x00000000f0d80000,0x00000000f0d80000,0x00000000f2980000)
 ParOldGen       total 93184K, used 30635K [0x00000000a0000000, 0x00000000a5b00000, 0x00000000e0000000)
  object space 93184K, 32% used [0x00000000a0000000,0x00000000a1deacf8,0x00000000a5b00000)
 Metaspace       used 54950K, capacity 56940K, committed 57048K, reserved 1097728K
  class space    used 7427K, capacity 7889K, committed 7936K, reserved 1048576K
}
Event: 32.136 GC heap before
{Heap before GC invocations=11 (full 2):
 PSYoungGen      total 296960K, used 36848K [0x00000000e0000000, 0x00000000f5380000, 0x0000000100000000)
  eden space 275968K, 5% used [0x00000000e0000000,0x00000000e0f839c8,0x00000000f0d80000)
  from space 20992K, 99% used [0x00000000f2980000,0x00000000f3df88d0,0x00000000f3e00000)
  to   space 28672K, 0% used [0x00000000f0d80000,0x00000000f0d80000,0x00000000f2980000)
 ParOldGen       total 93184K, used 30635K [0x00000000a0000000, 0x00000000a5b00000, 0x00000000e0000000)
  object space 93184K, 32% used [0x00000000a0000000,0x00000000a1deacf8,0x00000000a5b00000)
 Metaspace       used 56725K, capacity 58948K, committed 59028K, reserved 1099776K
  class space    used 7592K, capacity 8091K, committed 8124K, reserved 1048576K
Event: 32.271 GC heap after
Heap after GC invocations=11 (full 2):
 PSYoungGen      total 304640K, used 17967K [0x00000000e0000000, 0x00000000fcb80000, 0x0000000100000000)
  eden space 275968K, 0% used [0x00000000e0000000,0x00000000e0000000,0x00000000f0d80000)
  from space 28672K, 62% used [0x00000000f0d80000,0x00000000f1f0bf20,0x00000000f2980000)
  to   space 28672K, 0% used [0x00000000faf80000,0x00000000faf80000,0x00000000fcb80000)
 ParOldGen       total 93184K, used 35619K [0x00000000a0000000, 0x00000000a5b00000, 0x00000000e0000000)
  object space 93184K, 38% used [0x00000000a0000000,0x00000000a22c8ef0,0x00000000a5b00000)
 Metaspace       used 56725K, capacity 58948K, committed 59028K, reserved 1099776K
  class space    used 7592K, capacity 8091K, committed 8124K, reserved 1048576K
}
Event: 32.271 GC heap before
{Heap before GC invocations=12 (full 3):
 PSYoungGen      total 304640K, used 17967K [0x00000000e0000000, 0x00000000fcb80000, 0x0000000100000000)
  eden space 275968K, 0% used [0x00000000e0000000,0x00000000e0000000,0x00000000f0d80000)
  from space 28672K, 62% used [0x00000000f0d80000,0x00000000f1f0bf20,0x00000000f2980000)
  to   space 28672K, 0% used [0x00000000faf80000,0x00000000faf80000,0x00000000fcb80000)
 ParOldGen       total 93184K, used 35619K [0x00000000a0000000, 0x00000000a5b00000, 0x00000000e0000000)
  object space 93184K, 38% used [0x00000000a0000000,0x00000000a22c8ef0,0x00000000a5b00000)
 Metaspace       used 56725K, capacity 58948K, committed 59028K, reserved 1099776K
  class space    used 7592K, capacity 8091K, committed 8124K, reserved 1048576K

